<?xml version="1.0" encoding="UTF-8"?>
<testsuite name="teller.BankTest" tests="5" skipped="0" failures="0" errors="0" timestamp="2022-09-26T02:04:56" hostname="DIADESKTOP" time="0.024">
  <properties/>
  <testcase name="shouldBeAbleToAddTwoAccounts()" classname="teller.BankTest" time="0.018"/>
  <testcase name="shouldDepositIntoAccount()" classname="teller.BankTest" time="0.001"/>
  <testcase name="shouldBeAbleToAddAccount()" classname="teller.BankTest" time="0.002"/>
  <testcase name="shouldWithdrawalFromAccount()" classname="teller.BankTest" time="0.001"/>
  <testcase name="shouldBeAbleToRemoveAnAccount()" classname="teller.BankTest" time="0.001"/>
  <system-out><![CDATA[]]></system-out>
  <system-err><![CDATA[]]></system-err>
</testsuite>
